
🚀 Starting massive download at 2026-02-09 10:52:58.809551
⏱️  Estimated time: 6-8 hours
📁 Output directory: data/documents

======================================================================
📥 DOWNLOADING USGS MINERAL COMMODITY SUMMARIES
======================================================================
Minerals: 29
Years: 1996-2024 (28 years)
Target: ~812 documents
Output: data/documents/usgs
======================================================================


📦 GRAPHITE
----------------------------------------
  ✅ 1996 (113.0 KB)
  ✅ 1997 (113.0 KB)
  ✅ 1998 (113.0 KB)
  ✅ 1999 (113.0 KB)
  ✅ 2000 (113.0 KB)
  ✅ 2001 (113.0 KB)
  ✅ 2002 (113.0 KB)
  ✅ 2003 (113.0 KB)
  ✅ 2004 (113.0 KB)
  ✅ 2005 (113.0 KB)
  ✅ 2006 (113.0 KB)
  ✅ 2007 (113.0 KB)
  ✅ 2008 (113.0 KB)
  ✅ 2009 (113.0 KB)
  ✅ 2010 (113.0 KB)
  ✅ 2011 (113.0 KB)
  ✅ 2012 (113.0 KB)
  ✅ 2013 (113.0 KB)
  ✅ 2014 (113.0 KB)
  ✅ 2015 (113.0 KB)
  ✅ 2016 (113.0 KB)
  ✅ 2017 (113.0 KB)
  ✅ 2018 (113.0 KB)
  ✅ 2019 (113.0 KB)
  ✓ 2020 (cached)
  ✓ 2021 (cached)
  ✓ 2022 (cached)
  ✓ 2023 (cached)
  ✓ 2024 (cached)
  → Downloaded 29 docs for graphite

📦 LITHIUM
----------------------------------------
  ✅ 1996 (112.1 KB)
  ✅ 1997 (112.1 KB)
  ✅ 1998 (112.1 KB)
  ✅ 1999 (112.1 KB)
  ✅ 2000 (112.1 KB)
  ✅ 2001 (112.1 KB)
  ✅ 2002 (112.1 KB)
  ✅ 2003 (112.1 KB)
  ✅ 2004 (112.1 KB)
  ✅ 2005 (112.1 KB)
  ✅ 2006 (112.1 KB)
  ✅ 2007 (112.1 KB)
  ✅ 2008 (112.1 KB)
  ✅ 2009 (112.1 KB)
  ✅ 2010 (112.1 KB)
  ✅ 2011 (112.1 KB)
  ✅ 2012 (112.1 KB)
  ✅ 2013 (112.1 KB)
  ✅ 2014 (112.1 KB)
  ✅ 2015 (112.1 KB)
  ✅ 2016 (112.1 KB)
  ✅ 2017 (112.1 KB)
  ✅ 2018 (112.1 KB)
  ✅ 2019 (112.1 KB)
  ✅ 2020 (129.8 KB)
  ✅ 2021 (144.5 KB)
  ✅ 2022 (132.6 KB)
  ✅ 2023 (196.0 KB)
  ✅ 2024 (732.2 KB)
  → Downloaded 29 docs for lithium

📦 COBALT
----------------------------------------
  ✅ 1996 (124.8 KB)
  ✅ 1997 (124.8 KB)
  ✅ 1998 (124.8 KB)
  ✅ 1999 (124.8 KB)
  ✅ 2000 (124.8 KB)
  ✅ 2001 (124.8 KB)
  ✅ 2002 (124.8 KB)
  ✅ 2003 (124.8 KB)
  ✅ 2004 (124.8 KB)
  ✅ 2005 (124.8 KB)
  ✅ 2006 (124.8 KB)
  ✅ 2007 (124.8 KB)
  ✅ 2008 (124.8 KB)
  ✅ 2009 (124.8 KB)
  ✅ 2010 (124.8 KB)
  ✅ 2011 (124.8 KB)
  ✅ 2012 (124.8 KB)
  ✅ 2013 (124.8 KB)
  ✅ 2014 (124.8 KB)
  ✅ 2015 (124.8 KB)
  ✅ 2016 (124.8 KB)
  ✅ 2017 (124.8 KB)
  ✅ 2018 (124.8 KB)
  ✅ 2019 (124.8 KB)
  ✅ 2020 (111.6 KB)
  ✅ 2021 (126.2 KB)
  ✅ 2022 (138.0 KB)
  ✅ 2023 (198.4 KB)
  ✅ 2024 (747.2 KB)
  → Downloaded 29 docs for cobalt

📦 RARE-EARTHS
----------------------------------------
  ✅ 1996 (120.9 KB)
  ✅ 1997 (120.9 KB)
  ✅ 1998 (120.9 KB)
  ✅ 1999 (120.9 KB)
  ✅ 2000 (120.9 KB)
  ✅ 2001 (120.9 KB)
  ✅ 2002 (120.9 KB)
  ✅ 2003 (120.9 KB)
  ✅ 2004 (120.9 KB)
  ✅ 2005 (120.9 KB)
  ✅ 2006 (120.9 KB)
  ✅ 2007 (120.9 KB)
  ✅ 2008 (120.9 KB)
  ✅ 2009 (120.9 KB)
  ✅ 2010 (120.9 KB)
  ✅ 2011 (120.9 KB)
  ✅ 2012 (120.9 KB)
  ✅ 2013 (120.9 KB)
  ✅ 2014 (120.9 KB)
  ✅ 2015 (120.9 KB)
  ✅ 2016 (120.9 KB)
  ✅ 2017 (120.9 KB)
  ✅ 2018 (120.9 KB)
  ✅ 2019 (120.9 KB)
  ✅ 2020 (130.5 KB)
  ✅ 2021 (150.6 KB)
  ✅ 2022 (145.9 KB)
  ✅ 2023 (157.8 KB)
  ✅ 2024 (691.3 KB)
  → Downloaded 29 docs for rare-earths

📦 COPPER
----------------------------------------
  ✅ 1996 (122.1 KB)
  ✅ 1997 (122.1 KB)
  ✅ 1998 (122.1 KB)
  ✅ 1999 (122.1 KB)
  ✅ 2000 (122.1 KB)
  ✅ 2001 (122.1 KB)
  ✅ 2002 (122.1 KB)
  ✅ 2003 (122.1 KB)
  ✅ 2004 (122.1 KB)
  ✅ 2005 (122.1 KB)
  ✅ 2006 (122.1 KB)
  ✅ 2007 (122.1 KB)
  ✅ 2008 (122.1 KB)
  ✅ 2009 (122.1 KB)
  ✅ 2010 (122.1 KB)
  ✅ 2011 (122.1 KB)
  ✅ 2012 (122.1 KB)
  ✅ 2013 (122.1 KB)
  ✅ 2014 (122.1 KB)
  ✅ 2015 (122.1 KB)
  ✅ 2016 (122.1 KB)
  ✅ 2017 (122.1 KB)
  ✅ 2018 (122.1 KB)
  ✅ 2019 (122.1 KB)
  ✅ 2020 (134.9 KB)
  ✅ 2021 (133.0 KB)
  ✅ 2022 (143.4 KB)
  ✅ 2023 (182.0 KB)
  ✅ 2024 (729.5 KB)
  → Downloaded 29 docs for copper

📦 NICKEL
----------------------------------------
  ✅ 1996 (117.9 KB)
  ✅ 1997 (117.9 KB)
  ✅ 1998 (117.9 KB)
  ✅ 1999 (117.9 KB)
  ✅ 2000 (117.9 KB)
  ✅ 2001 (117.9 KB)
  ✅ 2002 (117.9 KB)
  ✅ 2003 (117.9 KB)
  ✅ 2004 (117.9 KB)
  ✅ 2005 (117.9 KB)
  ✅ 2006 (117.9 KB)
  ✅ 2007 (117.9 KB)
  ❌ 2008
  ❌ 2009
  ❌ 2010
  ❌ 2011
  ❌ 2012
  ❌ 2013
  ❌ 2014
  ❌ 2015
  ❌ 2016
  ❌ 2017
  ❌ 2018
  ❌ 2019
  ❌ 2020
  ❌ 2021
  ❌ 2022
  ❌ 2023
  ❌ 2024
  → Downloaded 12 docs for nickel

📦 ZINC
----------------------------------------
  ❌ 1996
  ❌ 1997
  ❌ 1998
  ❌ 1999
  ❌ 2000
  ❌ 2001
  ❌ 2002
  ❌ 2003
  ❌ 2004
  ❌ 2005
  ❌ 2006
  ❌ 2007
  ❌ 2008
  ❌ 2009
  ❌ 2010
  ❌ 2011
  ❌ 2012
  ❌ 2013
  ❌ 2014
  ❌ 2015
  ❌ 2016
  ❌ 2017
  ❌ 2018
  ❌ 2019
  ❌ 2020
  ❌ 2021
  ❌ 2022
  ❌ 2023
  ❌ 2024
  → Downloaded 0 docs for zinc

📦 LEAD
----------------------------------------
  ❌ 1996
  ❌ 1997
  ❌ 1998
  ❌ 1999
  ❌ 2000
  ❌ 2001
  ❌ 2002
  ❌ 2003
  ❌ 2004
  ❌ 2005
  ❌ 2006
  ❌ 2007
  ❌ 2008
  ❌ 2009
  ❌ 2010
  ❌ 2011
  ❌ 2012
  ❌ 2013
  ❌ 2014
  ❌ 2015
  ❌ 2016
  ❌ 2017
  ❌ 2018
  ❌ 2019
  ❌ 2020
  ❌ 2021
  ❌ 2022
  ❌ 2023
  ❌ 2024
  → Downloaded 0 docs for lead

📦 TIN
----------------------------------------
  ❌ 1996
  ❌ 1997
  ❌ 1998
  ❌ 1999
  ❌ 2000
  ❌ 2001
  ❌ 2002
  ❌ 2003
  ❌ 2004
  ❌ 2005
  ❌ 2006
  ❌ 2007
  ❌ 2008
  ❌ 2009
  ❌ 2010
  ❌ 2011
  ❌ 2012
  ❌ 2013
  ❌ 2014
  ❌ 2015
  ❌ 2016
  ❌ 2017
  ❌ 2018
  ❌ 2019
  ❌ 2020
  ❌ 2021
  ❌ 2022
  ❌ 2023
  ❌ 2024
  → Downloaded 0 docs for tin

📦 ALUMINUM
----------------------------------------
  ❌ 1996
  ❌ 1997
  ❌ 1998
  ❌ 1999
  ❌ 2000
  ❌ 2001
  ❌ 2002
  ❌ 2003
  ❌ 2004
  ❌ 2005
  ❌ 2006
  ❌ 2007
  ❌ 2008
  ❌ 2009
  ❌ 2010
  ❌ 2011
  ❌ 2012
  ❌ 2013
  ❌ 2014
  ❌ 2015
  ❌ 2016
  ❌ 2017
  ❌ 2018
  ❌ 2019
  ❌ 2020
  ❌ 2021
  ❌ 2022
  ❌ 2023
  ❌ 2024
  → Downloaded 0 docs for aluminum

📦 BAUXITE
----------------------------------------
  ❌ 1996
  ❌ 1997
  ❌ 1998
  ❌ 1999
  ❌ 2000
  ❌ 2001
  ❌ 2002
  ❌ 2003
  ❌ 2004
  ❌ 2005
  ❌ 2006
  ❌ 2007
  ❌ 2008
  ❌ 2009
  ❌ 2010
  ❌ 2011
  ❌ 2012
  ❌ 2013
  ❌ 2014
  ❌ 2015
  ❌ 2016
  ❌ 2017
  ❌ 2018
  ❌ 2019
  ❌ 2020
  ❌ 2021
  ❌ 2022
  ❌ 2023
  ❌ 2024
  → Downloaded 0 docs for bauxite

📦 CHROMIUM
----------------------------------------
  ❌ 1996
  ❌ 1997
  ❌ 1998
  ❌ 1999
  ❌ 2000
  ❌ 2001
  ❌ 2002
  ❌ 2003
  ❌ 2004
  ❌ 2005
  ❌ 2006
  ❌ 2007
  ❌ 2008
  ❌ 2009
  ❌ 2010
  ❌ 2011
  ❌ 2012
  ❌ 2013
  ❌ 2014
  ❌ 2015
  ❌ 2016
  ❌ 2017
  ❌ 2018
  ❌ 2019
  ❌ 2020
  ❌ 2021
  ❌ 2022
  ❌ 2023
  ❌ 2024
  → Downloaded 0 docs for chromium

📦 MANGANESE
----------------------------------------
  ❌ 1996
  ❌ 1997
  ❌ 1998
  ❌ 1999
  ❌ 2000
  ❌ 2001
  ❌ 2002
  ❌ 2003
  ❌ 2004
  ❌ 2005
  ❌ 2006
  ❌ 2007
  ❌ 2008
  ❌ 2009
  ❌ 2010
  ❌ 2011
  ❌ 2012
  ❌ 2013
  ❌ 2014
  ❌ 2015
  ❌ 2016
  ❌ 2017
  ❌ 2018
  ❌ 2019
  ❌ 2020
  ❌ 2021
  ❌ 2022
  ❌ 2023
  ❌ 2024
  → Downloaded 0 docs for manganese

📦 PLATINUM
----------------------------------------
  ❌ 1996
  ❌ 1997
  ❌ 1998
  ❌ 1999
  ❌ 2000
  ❌ 2001
  ❌ 2002
  ❌ 2003
  ❌ 2004
  ❌ 2005
  ❌ 2006
  ❌ 2007
  ❌ 2008
  ❌ 2009
  ❌ 2010
  ❌ 2011
  ❌ 2012
  ❌ 2013
  ❌ 2014
  ❌ 2015
  ✅ 2016 (122.2 KB)
  ✅ 2017 (122.2 KB)
  ✅ 2018 (122.2 KB)
  ✅ 2019 (122.2 KB)
  ✅ 2020 (157.0 KB)
  ✅ 2021 (129.1 KB)
  ✅ 2022 (141.3 KB)
  ✅ 2023 (122.2 KB)
  ✅ 2024 (122.2 KB)
  → Downloaded 9 docs for platinum

📦 TITANIUM
----------------------------------------
  ✅ 1996 (120.6 KB)
  ✅ 1997 (120.6 KB)
  ✅ 1998 (120.6 KB)
  ✅ 1999 (120.6 KB)
  ✅ 2000 (120.6 KB)
  ✅ 2001 (120.6 KB)
  ✅ 2002 (120.6 KB)
  ✅ 2003 (120.6 KB)
  ✅ 2004 (120.6 KB)
  ✅ 2005 (120.6 KB)
  ✅ 2006 (120.6 KB)
  ✅ 2007 (120.6 KB)
  ✅ 2008 (120.6 KB)
  ✅ 2009 (120.6 KB)
  ✅ 2010 (120.6 KB)
  ✅ 2011 (120.6 KB)
  ✅ 2012 (120.6 KB)
  ✅ 2013 (120.6 KB)
  ✅ 2014 (120.6 KB)
  ✅ 2015 (120.6 KB)
  ❌ 2016
  ✅ 2017 (120.6 KB)
  ✅ 2018 (120.6 KB)
  ✅ 2019 (120.6 KB)
  ✅ 2020 (127.0 KB)
  ✅ 2021 (129.0 KB)
  ✅ 2022 (138.4 KB)
  ✅ 2023 (137.0 KB)
  ✅ 2024 (710.4 KB)
  → Downloaded 28 docs for titanium

📦 TUNGSTEN
----------------------------------------
  ✅ 1996 (121.3 KB)
  ✅ 1997 (121.3 KB)
  ✅ 1998 (121.3 KB)
  ✅ 1999 (121.3 KB)
  ✅ 2000 (121.3 KB)
  ✅ 2001 (121.3 KB)
  ✅ 2002 (121.3 KB)
  ✅ 2003 (121.3 KB)
  ✅ 2004 (121.3 KB)
  ✅ 2005 (121.3 KB)
  ✅ 2006 (121.3 KB)
  ✅ 2007 (121.3 KB)
  ✅ 2008 (121.3 KB)
  ✅ 2009 (121.3 KB)
  ✅ 2010 (121.3 KB)
  ❌ 2011
  ❌ 2012
  ✅ 2013 (121.3 KB)
  ✅ 2014 (121.3 KB)
  ✅ 2015 (121.3 KB)
  ✅ 2016 (121.3 KB)
  ✅ 2017 (121.3 KB)
  ✅ 2018 (121.3 KB)
  ✅ 2019 (121.3 KB)
  ✅ 2020 (110.8 KB)
  ✅ 2021 (128.0 KB)
  ✅ 2022 (139.6 KB)
  ✅ 2023 (197.6 KB)
  ✅ 2024 (757.9 KB)
  → Downloaded 27 docs for tungsten

📦 VANADIUM
----------------------------------------
  ✅ 1996 (120.1 KB)
  ✅ 1997 (120.1 KB)
  ✅ 1998 (120.1 KB)
  ✅ 1999 (120.1 KB)
  ✅ 2000 (120.1 KB)
  ✅ 2001 (120.1 KB)
  ✅ 2002 (120.1 KB)
  ✅ 2003 (120.1 KB)
  ✅ 2004 (120.1 KB)
  ✅ 2005 (120.1 KB)
  ✅ 2006 (120.1 KB)
  ✅ 2007 (120.1 KB)
  ✅ 2008 (120.1 KB)
  ✅ 2009 (120.1 KB)
  ✅ 2010 (120.1 KB)
  ✅ 2011 (120.1 KB)
  ✅ 2012 (120.1 KB)
  ✅ 2013 (120.1 KB)
  ✅ 2014 (120.1 KB)
  ✅ 2015 (120.1 KB)
  ✅ 2016 (120.1 KB)
  ✅ 2017 (120.1 KB)
  ✅ 2018 (120.1 KB)
  ✅ 2019 (120.1 KB)
  ✅ 2020 (110.6 KB)
  ✅ 2021 (126.5 KB)
  ✅ 2022 (137.8 KB)
  ✅ 2023 (180.3 KB)
  ✅ 2024 (734.5 KB)
  → Downloaded 29 docs for vanadium

📦 ANTIMONY
----------------------------------------
  ✅ 1996 (116.2 KB)
  ✅ 1997 (116.2 KB)
  ✅ 1998 (116.2 KB)
  ✅ 1999 (116.2 KB)
  ✅ 2000 (116.2 KB)
  ✅ 2001 (116.2 KB)
  ✅ 2002 (116.2 KB)
  ✅ 2003 (116.2 KB)
  ✅ 2004 (116.2 KB)
  ✅ 2005 (116.2 KB)
  ✅ 2006 (116.2 KB)
  ✅ 2007 (116.2 KB)
  ✅ 2008 (116.2 KB)
  ✅ 2009 (116.2 KB)
  ✅ 2010 (116.2 KB)
  ✅ 2011 (116.2 KB)
  ✅ 2012 (116.2 KB)
  ✅ 2013 (116.2 KB)
  ✅ 2014 (116.2 KB)
  ✅ 2015 (116.2 KB)
  ✅ 2016 (116.2 KB)
  ✅ 2017 (116.2 KB)
  ✅ 2018 (116.2 KB)
  ✅ 2019 (116.2 KB)
  ✅ 2020 (115.4 KB)
  ✅ 2021 (128.0 KB)
  ✅ 2022 (138.3 KB)
  ✅ 2023 (192.3 KB)
  ✅ 2024 (744.5 KB)
  → Downloaded 29 docs for antimony

📦 BERYLLIUM
----------------------------------------
  ✅ 1996 (115.0 KB)
  ✅ 1997 (115.0 KB)
  ✅ 1998 (115.0 KB)
  ✅ 1999 (115.0 KB)
  ✅ 2000 (115.0 KB)
  ✅ 2001 (115.0 KB)
  ✅ 2002 (115.0 KB)
  ✅ 2003 (115.0 KB)
  ✅ 2004 (115.0 KB)
  ✅ 2005 (115.0 KB)
  ✅ 2006 (115.0 KB)
  ✅ 2007 (115.0 KB)
  ✅ 2008 (115.0 KB)
  ✅ 2009 (115.0 KB)
  ✅ 2010 (115.0 KB)
  ✅ 2011 (115.0 KB)
  ✅ 2012 (115.0 KB)
  ✅ 2013 (115.0 KB)
  ✅ 2014 (115.0 KB)
  ✅ 2015 (115.0 KB)
  ✅ 2016 (115.0 KB)
  ✅ 2017 (115.0 KB)
  ✅ 2018 (115.0 KB)
  ✅ 2019 (115.0 KB)
  ✅ 2020 (116.8 KB)
  ✅ 2021 (126.4 KB)
  ✅ 2022 (145.8 KB)
  ✅ 2023 (193.6 KB)
  ✅ 2024 (729.8 KB)
  → Downloaded 29 docs for beryllium

📦 CESIUM
----------------------------------------
  ✅ 1996 (109.7 KB)
  ✅ 1997 (109.7 KB)
  ✅ 1998 (109.7 KB)
  ✅ 1999 (109.7 KB)
  ✅ 2000 (109.7 KB)
  ✅ 2001 (109.7 KB)
  ✅ 2002 (109.7 KB)
  ✅ 2003 (109.7 KB)
  ✅ 2004 (109.7 KB)
  ✅ 2005 (109.7 KB)
  ✅ 2006 (109.7 KB)
  ✅ 2007 (109.7 KB)
  ✅ 2008 (109.7 KB)
  ✅ 2009 (109.7 KB)
  ✅ 2010 (109.7 KB)
  ✅ 2011 (109.7 KB)
  ✅ 2012 (109.7 KB)
  ✅ 2013 (109.7 KB)
  ✅ 2014 (109.7 KB)
  ✅ 2015 (109.7 KB)
  ✅ 2016 (109.7 KB)
  ✅ 2017 (109.7 KB)
  ✅ 2018 (109.7 KB)
  ✅ 2019 (109.7 KB)
  ✅ 2020 (136.9 KB)
  ✅ 2021 (137.8 KB)
  ✅ 2022 (141.2 KB)
  ✅ 2023 (162.6 KB)
  ✅ 2024 (678.9 KB)
  → Downloaded 29 docs for cesium

📦 GALLIUM
----------------------------------------
  ✅ 1996 (113.3 KB)
  ✅ 1997 (113.3 KB)
  ✅ 1998 (113.3 KB)
  ✅ 1999 (113.3 KB)
  ✅ 2000 (113.3 KB)
  ✅ 2001 (113.3 KB)
  ✅ 2002 (113.3 KB)
  ✅ 2003 (113.3 KB)
  ✅ 2004 (113.3 KB)
  ✅ 2005 (113.3 KB)
  ✅ 2006 (113.3 KB)
  ✅ 2007 (113.3 KB)
  ✅ 2008 (113.3 KB)
  ✅ 2009 (113.3 KB)
  ✅ 2010 (113.3 KB)
  ✅ 2011 (113.3 KB)
  ✅ 2012 (113.3 KB)
  ✅ 2013 (113.3 KB)
  ✅ 2014 (113.3 KB)
  ✅ 2015 (113.3 KB)
  ✅ 2016 (113.3 KB)
  ✅ 2017 (113.3 KB)
  ✅ 2018 (113.3 KB)
  ✅ 2019 (113.3 KB)
  ✅ 2020 (112.2 KB)
  ✅ 2021 (125.5 KB)
  ✅ 2022 (126.5 KB)
  ✅ 2023 (173.5 KB)
  ✅ 2024 (727.0 KB)
  → Downloaded 29 docs for gallium

📦 GERMANIUM
----------------------------------------
  ✅ 1996 (114.0 KB)
  ✅ 1997 (114.0 KB)
  ✅ 1998 (114.0 KB)
  ✅ 1999 (114.0 KB)
  ✅ 2000 (114.0 KB)
  ✅ 2001 (114.0 KB)
  ✅ 2002 (114.0 KB)
  ✅ 2003 (114.0 KB)
  ✅ 2004 (114.0 KB)
  ✅ 2005 (114.0 KB)
  ✅ 2006 (114.0 KB)
  ✅ 2007 (114.0 KB)
  ✅ 2008 (114.0 KB)
  ✅ 2009 (114.0 KB)
  ✅ 2010 (114.0 KB)
  ✅ 2011 (114.0 KB)
  ✅ 2012 (114.0 KB)
  ✅ 2013 (114.0 KB)
  ✅ 2014 (114.0 KB)
  ✅ 2015 (114.0 KB)
  ✅ 2016 (114.0 KB)
  ✅ 2017 (114.0 KB)
  ✅ 2018 (114.0 KB)
  ✅ 2019 (114.0 KB)
  ✅ 2020 (110.2 KB)
  ✅ 2021 (123.7 KB)
  ✅ 2022 (143.6 KB)
  ✅ 2023 (190.5 KB)
  ✅ 2024 (744.8 KB)
  → Downloaded 29 docs for germanium

📦 INDIUM
----------------------------------------
  ✅ 1996 (114.3 KB)
  ✅ 1997 (114.3 KB)
  ✅ 1998 (114.3 KB)
  ✅ 1999 (114.3 KB)
  ✅ 2000 (114.3 KB)
  ✅ 2001 (114.3 KB)
  ✅ 2002 (114.3 KB)
  ✅ 2003 (114.3 KB)
  ✅ 2004 (114.3 KB)
  ✅ 2005 (114.3 KB)
  ✅ 2006 (114.3 KB)
  ✅ 2007 (114.3 KB)
  ✅ 2008 (114.3 KB)
  ✅ 2009 (114.3 KB)
  ✅ 2010 (114.3 KB)
  ✅ 2011 (114.3 KB)
  ✅ 2012 (114.3 KB)
  ✅ 2013 (114.3 KB)
  ✅ 2014 (114.3 KB)
  ✅ 2015 (114.3 KB)
  ✅ 2016 (114.3 KB)
  ✅ 2017 (114.3 KB)
  ✅ 2018 (114.3 KB)
  ✅ 2019 (114.3 KB)
  ✅ 2020 (106.3 KB)
  ✅ 2021 (116.4 KB)
  ✅ 2022 (136.8 KB)
  ✅ 2023 (168.6 KB)
  ✅ 2024 (730.1 KB)
  → Downloaded 29 docs for indium

📦 MAGNESIUM
----------------------------------------
  ✅ 1996 (117.1 KB)
  ✅ 1997 (117.1 KB)
  ✅ 1998 (117.1 KB)
  ✅ 1999 (117.1 KB)
  ✅ 2000 (117.1 KB)
  ✅ 2001 (117.1 KB)
  ✅ 2002 (117.1 KB)
  ✅ 2003 (117.1 KB)
  ✅ 2004 (117.1 KB)
  ✅ 2005 (117.1 KB)
  ✅ 2006 (117.1 KB)
  ✅ 2007 (117.1 KB)
  ✅ 2008 (117.1 KB)
  ✅ 2009 (117.1 KB)
  ✅ 2010 (117.1 KB)
  ✅ 2011 (117.1 KB)
  ✅ 2012 (117.1 KB)
  ✅ 2013 (117.1 KB)
  ✅ 2014 (117.1 KB)
  ✅ 2015 (117.1 KB)
  ✅ 2016 (117.1 KB)
  ✅ 2017 (117.1 KB)
  ✅ 2018 (117.1 KB)
  ✅ 2019 (117.1 KB)
  ✅ 2020 (117.1 KB)
  ✅ 2021 (117.1 KB)
  ✅ 2022 (117.1 KB)
  ✅ 2023 (117.1 KB)
  ✅ 2024 (117.1 KB)
  → Downloaded 29 docs for magnesium

📦 NIOBIUM
----------------------------------------
  ✅ 1996 (121.2 KB)
  ✅ 1997 (121.2 KB)
  ✅ 1998 (121.2 KB)
  ✅ 1999 (121.2 KB)
  ✅ 2000 (121.2 KB)
  ✅ 2001 (121.2 KB)
  ✅ 2002 (121.2 KB)
  ✅ 2003 (121.2 KB)
  ✅ 2004 (121.2 KB)
  ✅ 2005 (121.2 KB)
  ✅ 2006 (121.2 KB)
  ✅ 2007 (121.2 KB)
  ✅ 2008 (121.2 KB)
  ✅ 2009 (121.2 KB)
  ✅ 2010 (121.2 KB)
  ✅ 2011 (121.2 KB)
  ✅ 2012 (121.2 KB)
  ✅ 2013 (121.2 KB)
  ✅ 2014 (121.2 KB)
  ✅ 2015 (121.2 KB)
  ✅ 2016 (121.2 KB)
  ✅ 2017 (121.2 KB)
  ✅ 2018 (121.2 KB)
  ✅ 2019 (121.2 KB)
  ✅ 2020 (109.1 KB)
  ✅ 2021 (122.1 KB)
  ✅ 2022 (149.8 KB)
  ✅ 2023 (209.2 KB)
  ✅ 2024 (782.4 KB)
  → Downloaded 29 docs for niobium

📦 TANTALUM
----------------------------------------
  ✅ 1996 (120.9 KB)
  ✅ 1997 (120.9 KB)
  ✅ 1998 (120.9 KB)
  ✅ 1999 (120.9 KB)
  ✅ 2000 (120.9 KB)
  ✅ 2001 (120.9 KB)
  ✅ 2002 (120.9 KB)
  ✅ 2003 (120.9 KB)
  ✅ 2004 (120.9 KB)
  ✅ 2005 (120.9 KB)
  ✅ 2006 (120.9 KB)
  ✅ 2007 (120.9 KB)
  ✅ 2008 (120.9 KB)
  ✅ 2009 (120.9 KB)
  ✅ 2010 (120.9 KB)
  ✅ 2011 (120.9 KB)
  ✅ 2012 (120.9 KB)
  ✅ 2013 (120.9 KB)
  ✅ 2014 (120.9 KB)
  ✅ 2015 (120.9 KB)
  ✅ 2016 (120.9 KB)
  ✅ 2017 (120.9 KB)
  ✅ 2018 (120.9 KB)
  ✅ 2019 (120.9 KB)
  ✅ 2020 (109.9 KB)
  ✅ 2021 (125.5 KB)
  ✅ 2022 (134.5 KB)
  ✅ 2023 (240.5 KB)
  ✅ 2024 (783.5 KB)
  → Downloaded 29 docs for tantalum

📦 TELLURIUM
----------------------------------------
  ✅ 1996 (120.9 KB)
  ✅ 1997 (120.9 KB)
  ✅ 1998 (120.9 KB)
  ✅ 1999 (120.9 KB)
  ✅ 2000 (120.9 KB)
  ✅ 2001 (120.9 KB)
  ✅ 2002 (120.9 KB)
  ✅ 2003 (120.9 KB)
  ✅ 2004 (120.9 KB)
  ✅ 2005 (120.9 KB)
  ✅ 2006 (120.9 KB)
  ✅ 2007 (120.9 KB)
  ✅ 2008 (120.9 KB)
  ✅ 2009 (120.9 KB)
  ✅ 2010 (120.9 KB)
  ✅ 2011 (120.9 KB)
  ✅ 2012 (120.9 KB)
  ✅ 2013 (120.9 KB)
  ✅ 2014 (120.9 KB)
  ✅ 2015 (120.9 KB)
  ✅ 2016 (120.9 KB)
  ✅ 2017 (120.9 KB)
  ✅ 2018 (120.9 KB)
  ✅ 2019 (120.9 KB)
  ✅ 2020 (108.9 KB)
  ✅ 2021 (121.4 KB)
  ✅ 2022 (125.0 KB)
  ✅ 2023 (170.7 KB)
  ✅ 2024 (729.4 KB)
  → Downloaded 29 docs for tellurium

📦 YTTRIUM
----------------------------------------
  ✅ 1996 (120.9 KB)
  ✅ 1997 (120.9 KB)
  ✅ 1998 (120.9 KB)
  ✅ 1999 (120.9 KB)
  ✅ 2000 (120.9 KB)
  ✅ 2001 (120.9 KB)
  ✅ 2002 (120.9 KB)
  ✅ 2003 (120.9 KB)
  ✅ 2004 (120.9 KB)
  ✅ 2005 (120.9 KB)
  ✅ 2006 (120.9 KB)
  ✅ 2007 (120.9 KB)
  ✅ 2008 (120.9 KB)
  ✅ 2009 (120.9 KB)
  ✅ 2010 (120.9 KB)
  ✅ 2011 (120.9 KB)
  ✅ 2012 (120.9 KB)
  ✅ 2013 (120.9 KB)
  ✅ 2014 (120.9 KB)
  ✅ 2015 (120.9 KB)
  ✅ 2016 (120.9 KB)
  ✅ 2017 (120.9 KB)
  ✅ 2018 (120.9 KB)
  ✅ 2019 (120.9 KB)
  ✅ 2020 (110.0 KB)
  ✅ 2021 (120.8 KB)
  ✅ 2022 (125.3 KB)
  ✅ 2023 (189.2 KB)
  ✅ 2024 (727.3 KB)
  → Downloaded 29 docs for yttrium

📦 ZIRCONIUM
----------------------------------------
  ✅ 1996 (114.5 KB)
  ✅ 1997 (114.5 KB)
  ✅ 1998 (114.5 KB)
  ✅ 1999 (114.5 KB)
  ✅ 2000 (114.5 KB)
  ✅ 2001 (114.5 KB)
  ✅ 2002 (114.5 KB)
  ✅ 2003 (114.5 KB)
  ✅ 2004 (114.5 KB)
  ✅ 2005 (114.5 KB)
  ✅ 2006 (114.5 KB)
  ✅ 2007 (114.5 KB)
  ✅ 2008 (114.5 KB)
  ✅ 2009 (114.5 KB)
  ✅ 2010 (114.5 KB)
  ✅ 2011 (114.5 KB)
  ✅ 2012 (114.5 KB)
  ✅ 2013 (114.5 KB)
  ✅ 2014 (114.5 KB)
  ✅ 2015 (114.5 KB)
  ✅ 2016 (114.5 KB)
  ✅ 2017 (114.5 KB)
  ✅ 2018 (114.5 KB)
  ✅ 2019 (114.5 KB)
  ✅ 2020 (114.5 KB)
  ✅ 2021 (114.5 KB)
  ✅ 2022 (114.5 KB)
  ✅ 2023 (114.5 KB)
  ✅ 2024 (114.5 KB)
  → Downloaded 29 docs for zirconium

✅ USGS Total: 598 documents downloaded, 243 failed

======================================================================
📚 DOWNLOADING COMPLETE MCS BOOKS
======================================================================
📥 1996... ❌ (404)
📥 1997... ❌ (404)
📥 1998... ❌ (404)
📥 1999... ❌ (404)
📥 2000... ❌ (404)
📥 2001... ❌ (404)
📥 2002... ❌ (404)
📥 2003... ❌ (404)
📥 2004... ❌ (404)
📥 2005... ❌ (404)
📥 2006... ❌ (404)
📥 2007... ❌ (404)
📥 2008... ❌ (404)
📥 2009... ❌ (404)
📥 2010... ❌ (404)
📥 2011... ❌ (404)
📥 2012... ❌ (404)
📥 2013... ❌ (404)
📥 2014... ❌ (404)
📥 2015... ❌ (404)
📥 2016... ❌ (404)
📥 2017... ❌ (404)
📥 2018... ❌ (404)
📥 2019... ❌ (404)
📥 2020... ✅ (6.7 MB)
📥 2021... ✅ (11.2 MB)
📥 2022... ✅ (14.4 MB)
📥 2023... ✅ (11.5 MB)
📥 2024... ✅ (14.0 MB)

✅ Downloaded 5 complete MCS books

======================================================================
📖 DOWNLOADING USGS MINERALS YEARBOOKS
======================================================================

📖 GRAPHITE Yearbooks
  ❌ 2000
  ❌ 2001
  ❌ 2002
  ❌ 2003
  ❌ 2004
  ❌ 2005
  ❌ 2006
  ❌ 2007
  ❌ 2008
  ❌ 2009
  ❌ 2010
  ❌ 2011
  ❌ 2012
  ❌ 2013
  ❌ 2014
  ❌ 2015
  ❌ 2016
  ❌ 2017
  ❌ 2018
  ❌ 2019
  ❌ 2020
  ❌ 2021
  ❌ 2022

📖 LITHIUM Yearbooks
  ❌ 2000
  ❌ 2001
  ❌ 2002
  ❌ 2003
  ❌ 2004
  ❌ 2005
  ❌ 2006
  ❌ 2007
  ❌ 2008
  ❌ 2009
  ❌ 2010
  ❌ 2011
  ❌ 2012
  ❌ 2013
  ❌ 2014
  ❌ 2015
  ❌ 2016
  ❌ 2017
  ❌ 2018
  ❌ 2019
  ❌ 2020
  ❌ 2021
  ❌ 2022

📖 RARE-EARTHS Yearbooks
  ❌ 2000
  ❌ 2001
  ❌ 2002
  ❌ 2003
  ❌ 2004
  ❌ 2005
  ❌ 2006
  ❌ 2007
  ❌ 2008
  ❌ 2009
  ❌ 2010
  ❌ 2011
  ❌ 2012
  ❌ 2013
  ❌ 2014
  ❌ 2015
  ❌ 2016
  ❌ 2017
  ❌ 2018
  ❌ 2019
  ❌ 2020
  ❌ 2021
  ❌ 2022

📖 COPPER Yearbooks
  ❌ 2000
  ❌ 2001
  ❌ 2002
  ❌ 2003
  ❌ 2004
  ❌ 2005
  ❌ 2006
  ❌ 2007
  ❌ 2008
  ❌ 2009
  ❌ 2010
  ❌ 2011
  ❌ 2012
  ❌ 2013
  ❌ 2014
  ❌ 2015
  ❌ 2016
  ❌ 2017
  ❌ 2018
  ❌ 2019
  ❌ 2020
  ❌ 2021
  ❌ 2022

📖 COBALT Yearbooks
  ❌ 2000
  ❌ 2001
  ❌ 2002
  ❌ 2003
  ❌ 2004
  ❌ 2005
  ❌ 2006
  ❌ 2007
  ❌ 2008
  ❌ 2009
  ❌ 2010
  ❌ 2011
  ❌ 2012
  ❌ 2013
  ❌ 2014
  ❌ 2015
  ❌ 2016
  ❌ 2017
  ❌ 2018
  ❌ 2019
  ❌ 2020
  ❌ 2021
  ❌ 2022

📖 NICKEL Yearbooks
  ❌ 2000
  ❌ 2001
  ❌ 2002
  ❌ 2003
  ❌ 2004
  ❌ 2005
  ❌ 2006
  ❌ 2007
  ❌ 2008
  ❌ 2009
  ❌ 2010
  ❌ 2011
  ❌ 2012
  ❌ 2013
  ❌ 2014
  ❌ 2015
  ❌ 2016
  ❌ 2017
  ❌ 2018
  ❌ 2019
  ❌ 2020
  ❌ 2021
  ❌ 2022

✅ Downloaded 0 yearbooks

======================================================================
🌍 DOWNLOADING IEA REPORTS
======================================================================
📥 2021... ✅ (4.9 MB)
📥 2022... ❌
📥 2023... ❌

✅ Downloaded 1 IEA reports

======================================================================
🎓 DOWNLOADING ACADEMIC PAPERS (arXiv)
======================================================================
Note: Searching arXiv for mineral supply chain papers...

⚠️  Full arXiv integration requires API key
    Recommend manual download from: https://arxiv.org/
    Search terms: mineral supply chain, critical minerals, rare earth elements economics, lithium supply, copper market, resource security

======================================================================
📊 DOWNLOAD SUMMARY
======================================================================
Total documents downloaded: 604
Log saved to: data/download_log.json
======================================================================

✅ Download complete!
⏱️  Duration: 3:25:22.734968
📊 Total documents: 604
